[18:56:00.532] [INFO] storybook v10.3.6
[18:56:00.644] [DEBUG] Getting package.json info for /Users/josephvelez/code/basedesignsystem/package.json...
[18:56:01.556] [DEBUG] Serving static files from [36mnode_modules/@chromatic-com/storybook/assets[39m at [36m/addon-visual-tests-assets[39m
[18:56:01.556] [INFO] Starting...
[18:56:01.630] [DEBUG] Starting preview..
[18:56:02.064] [DEBUG] Using tsconfig paths for react-docgen
[18:56:02.078] [ERROR] Failed to build the preview
[18:56:02.079] [ERROR] [38;2;241;97;97mError [ERR_PACKAGE_PATH_NOT_EXPORTED]: Package subpath './dist/mdx-react-shim.js' is not defined by "exports" in ./node_modules/@storybook/addon-docs/package.json[39m
    at exportsNotFound (node:internal/modules/esm/resolve:314:10)
    at packageExportsResolve (node:internal/modules/esm/resolve:661:9)
    at resolveExports (node:internal/modules/cjs/loader:657:36)
    at Function._findPath (node:internal/modules/cjs/loader:749:31)
    at Function._resolveFilename (node:internal/modules/cjs/loader:1387:27)
    at Function.resolve (node:internal/modules/helpers:145:19)
    at Object.viteFinal (file://./.storybook/main.ts:26:90)
    at async createViteServer (file://./node_modules/@storybook/builder-vite/dist/index.js:1532:21)
    at async Module.start (file://./node_modules/@storybook/builder-vite/dist/index.js:1557:17)
    at async storybookDevServer (file://./node_modules/storybook/dist/core-server/index.js:7503:83)
[18:56:02.080] [WARN] Broken build, fix the error above.
You may need to refresh the browser.
[18:56:06.660] [PROMPT] Would you like to send anonymous crash reports to improve Storybook and fix bugs faster? {"choice":false}